<?xml version="1.0" encoding="UTF-8"?>
<!-- Generated by org.testng.reporters.JUnitReportReporter -->
<testsuite hostname="DESKTOP-PKSDS0O" failures="0" tests="1" name="tricentisTests.TricentisWebsiteTests" time="10.305" errors="0" timestamp="2022-05-28T19:57:34 SAST" skipped="0">
  <testcase classname="tricentisTests.TricentisWebsiteTests" name="GIVEN_OneIemAddedToCart_WHEN_NavigateToCart_AND_ShippingDetailsUnitedStatesAlaska99501Entered_AND_EstimateShippingButtonClicked_THEN_GroundEstimateZero" time="10.305"/>
  <system-out/>
</testsuite> <!-- tricentisTests.TricentisWebsiteTests -->
