<?xml version="1.0" encoding="UTF-8"?>
<!-- Generated by org.testng.reporters.JUnitReportReporter -->
<testsuite hostname="DESKTOP-PKSDS0O" failures="0" tests="3" name="tricentisTests.TricentisWebsiteTests" time="21.978" errors="0" timestamp="2022-05-29T23:36:19 SAST" skipped="0">
  <testcase classname="tricentisTests.TricentisWebsiteTests" name="GIVEN_TwoItemsSelected_WHEN_SelectedItemsAddedToCompareList_THEN_SelectedItemsWithPricesDisplayOnComparisonTable" time="7.175"/>
  <system-out/>
  <testcase classname="tricentisTests.TricentisWebsiteTests" name="GIVEN_TwoItemsSelected_WHEN_SelectedItemsAddedToCompareList_THEN_SelectedItemsWithPricesDisplayOnComparisonTable" time="7.023"/>
  <system-out/>
  <testcase classname="tricentisTests.TricentisWebsiteTests" name="GIVEN_TwoItemsSelected_WHEN_SelectedItemsAddedToCompareList_THEN_SelectedItemsWithPricesDisplayOnComparisonTable" time="7.780"/>
  <system-out/>
</testsuite> <!-- tricentisTests.TricentisWebsiteTests -->
