<?xml version="1.0" encoding="UTF-8"?>
<!-- Generated by org.testng.reporters.JUnitReportReporter -->
<testsuite hostname="DESKTOP-PKSDS0O" failures="0" tests="8" name="tricentisTests.TricentisWebsiteTests" time="222.238" errors="0" timestamp="2022-05-30T22:04:58 SAST" skipped="0">
  <testcase classname="tricentisTests.TricentisWebsiteTests" name="GIVEN_ShopperOnCartPage_AND_OneItemAdded_WHEN_ItemQuantityChangeToTwo_THEN_ItemQuantityDisplaysAsTwo" time="37.922"/>
  <system-out/>
  <testcase classname="tricentisTests.TricentisWebsiteTests" name="GIVEN_OneItemAddedToCart_WHEN_NavigateToCart_AND_ShippingDetailsUnitedStatesAlaska99501Entered_AND_EstimateShippingButtonClicked_THEN_GroundEstimateZero" time="38.871"/>
  <system-out/>
  <testcase classname="tricentisTests.TricentisWebsiteTests" name="GIVEN_ShopperOnCartPage_AND_OneItemAdded_WHEN_RemoveChecked_AND_UpdateShoppingCartClicked_THEN_ItemRemovedFromCart" time="41.342"/>
  <system-out/>
  <testcase classname="tricentisTests.TricentisWebsiteTests" name="GIVEN_ShopperOnHomePage_WHEN_TopMenuBarUsed_AND_Electronics_OptionCellPhones_ItemSmartPhoneSelected_AND_ItemAddedToCart_THEN_SmartPhoneDisplaysOnCartPage" time="8.320"/>
  <system-out/>
  <testcase classname="tricentisTests.TricentisWebsiteTests" name="GIVEN_TwoItemsSelected_WHEN_SelectedItemsAddedToCompareList_THEN_SelectedItemsWithPricesDisplayOnComparisonTable" time="8.350"/>
  <system-out/>
  <testcase classname="tricentisTests.TricentisWebsiteTests" name="GIVEN_ShopperOnHomePage_WHEN_CategoriesNavigationUsed_AND_Computers_OptionDesktops_ItemSimpleComputerSelected_AND_ItemAddedToCart_THEN_SimpleComputerDisplaysOnCartPage" time="38.215"/>
  <system-out/>
  <testcase classname="tricentisTests.TricentisWebsiteTests" name="GIVEN_TwoItemsSelected_WHEN_SelectedItemsAddedToCompareList_THEN_SelectedItemsWithPricesDisplayOnComparisonTable" time="40.833"/>
  <system-out/>
  <testcase classname="tricentisTests.TricentisWebsiteTests" name="GIVEN_TwoItemsSelected_WHEN_SelectedItemsAddedToCompareList_THEN_SelectedItemsWithPricesDisplayOnComparisonTable" time="8.385"/>
  <system-out/>
</testsuite> <!-- tricentisTests.TricentisWebsiteTests -->
