<?xml version="1.0" encoding="UTF-8"?>
<!-- Generated by org.testng.reporters.JUnitReportReporter -->
<testsuite hostname="DESKTOP-PKSDS0O" failures="0" tests="1" name="tricentisTests.TricentisWebsiteCartTests" time="7.624" errors="0" timestamp="2022-06-02T14:50:39 SAST" skipped="0">
  <testcase classname="tricentisTests.TricentisWebsiteCartTests" name="GIVEN_ShopperOnHomePage_WHEN_TopMenuBarUsed_AND_Electronics_OptionCellPhones_ItemSmartPhoneSelected_AND_ItemAddedToCart_THEN_SmartPhoneDisplaysOnCartPage" time="7.624"/>
  <system-out/>
</testsuite> <!-- tricentisTests.TricentisWebsiteCartTests -->
