<?xml version="1.0" encoding="UTF-8"?>
<!-- Generated by org.testng.reporters.JUnitReportReporter -->
<testsuite hostname="DESKTOP-PKSDS0O" failures="0" tests="1" name="tricentisTests.TricentisWebsiteCartTests" time="9.404" errors="0" timestamp="2022-06-21T15:30:35 SAST" skipped="0">
  <testcase classname="tricentisTests.TricentisWebsiteCartTests" name="GIVEN_OneItemAddedToCart_WHEN_NavigateToCart_AND_ShippingDetailsUnitedStatesAlaska99501Entered_AND_EstimateShippingButtonClicked_THEN_GroundEstimateZero" time="9.404"/>
  <system-out/>
</testsuite> <!-- tricentisTests.TricentisWebsiteCartTests -->
